<?xml version="1.0" encoding="UTF-8"?>
<!-- Generated by org.testng.reporters.JUnitReportReporter -->
<testsuite hostname="Himani" failures="0" tests="1" name="assertionSyntax.ClassB" time="3.653" errors="0" timestamp="2023-01-11T11:11:24 IST" skipped="0">
  <testcase classname="assertionSyntax.ClassB" name="test1" time="3.653"/>
  <system-out/>
</testsuite> <!-- assertionSyntax.ClassB -->
