<?xml version="1.0" encoding="UTF-8"?>
<!-- Generated by org.testng.reporters.JUnitReportReporter -->
<testsuite hostname="Himani" failures="0" tests="1" name="ai.ds.testLayer.LoginPageTest" time="10.758" errors="0" timestamp="2022-12-30T16:20:26 IST" skipped="0">
  <testcase classname="ai.ds.testLayer.LoginPageTest" name="verifyLoginTest" time="10.758"/>
  <system-out/>
</testsuite> <!-- ai.ds.testLayer.LoginPageTest -->
