<?xml version="1.0" encoding="UTF-8"?>
<!-- Generated by org.testng.reporters.JUnitReportReporter -->
<testsuite hostname="Himani" failures="0" tests="1" name="ai.ds.testLayer.BuyFuntionality" time="12.331" errors="0" timestamp="2023-01-04T20:52:13 IST" skipped="0">
  <testcase classname="ai.ds.testLayer.BuyFuntionality" name="verifyBuyFuntionality" time="12.331"/>
  <system-out/>
</testsuite> <!-- ai.ds.testLayer.BuyFuntionality -->
